#
# There is insufficient memory for the Java Runtime Environment to continue.
# Native memory allocation (malloc) failed to allocate 32744 bytes for ChunkPool::allocate
# Possible reasons:
#   The system is out of physical RAM or swap space
#   The process is running with CompressedOops enabled, and the Java Heap may be blocking the growth of the native heap
# Possible solutions:
#   Reduce memory load on the system
#   Increase physical memory or swap space
#   Check if swap backing store is full
#   Decrease Java heap size (-Xmx/-Xms)
#   Decrease number of Java threads
#   Decrease Java thread stack sizes (-Xss)
#   Set larger code cache with -XX:ReservedCodeCacheSize=
#   JVM is running with Unscaled Compressed Oops mode in which the Java heap is
#     placed in the first 4GB address space. The Java Heap base address is the
#     maximum limit for the native heap growth. Please use -XX:HeapBaseMinAddress
#     to set the Java Heap base and to place the Java Heap above 4GB virtual address.
# This output file may be truncated or incomplete.
#
#  Out of Memory Error (allocation.cpp:272), pid=14052, tid=0x0000000000001f34
#
# JRE version: OpenJDK Runtime Environment (8.0_212-b04) (build 1.8.0_212-release-1586-b04)
# Java VM: OpenJDK 64-Bit Server VM (25.212-b04 mixed mode windows-amd64 compressed oops)
# Failed to write core dump. Minidumps are not enabled by default on client versions of Windows
#

---------------  T H R E A D  ---------------

Current thread (0x0000000019a39000):  JavaThread "C2 CompilerThread1" daemon [_thread_in_native, id=7988, stack(0x000000001b320000,0x000000001b420000)]

Stack: [0x000000001b320000,0x000000001b420000]
[error occurred during error reporting (printing stack bounds), id 0xc0000005]

Native frames: (J=compiled Java code, j=interpreted, Vv=VM code, C=native code)


Current CompileTask:
C2:   2140    6 %     4       org.groovy.debug.hotswap.ResetAgent::containsSubArray @ 8 (41 bytes)


---------------  P R O C E S S  ---------------

Java Threads: ( => current thread )
  0x0000000019a96800 JavaThread "Service Thread" daemon [_thread_blocked, id=12312, stack(0x000000001b620000,0x000000001b720000)]
  0x0000000019a3c800 JavaThread "C1 CompilerThread3" daemon [_thread_in_native, id=10568, stack(0x000000001b520000,0x000000001b620000)]
  0x0000000019a3b800 JavaThread "C2 CompilerThread2" daemon [_thread_in_native, id=10964, stack(0x000000001b420000,0x000000001b520000)]
=>0x0000000019a39000 JavaThread "C2 CompilerThread1" daemon [_thread_in_native, id=7988, stack(0x000000001b320000,0x000000001b420000)]
  0x0000000019a38000 JavaThread "C2 CompilerThread0" daemon [_thread_in_native, id=7016, stack(0x000000001b220000,0x000000001b320000)]
  0x00000000198ec800 JavaThread "JDWP Command Reader" daemon [_thread_in_native, id=8448, stack(0x000000001b120000,0x000000001b220000)]
  0x00000000198e6000 JavaThread "JDWP Event Helper Thread" daemon [_thread_blocked, id=1480, stack(0x000000001b020000,0x000000001b120000)]
  0x00000000198d7000 JavaThread "JDWP Transport Listener: dt_socket" daemon [_thread_blocked, id=2184, stack(0x000000001af20000,0x000000001b020000)]
  0x00000000198ca800 JavaThread "Attach Listener" daemon [_thread_blocked, id=14732, stack(0x000000001ae20000,0x000000001af20000)]
  0x00000000198c9000 JavaThread "Signal Dispatcher" daemon [_thread_blocked, id=10820, stack(0x000000001ad20000,0x000000001ae20000)]
  0x00000000181e3000 JavaThread "Finalizer" daemon [_thread_blocked, id=10500, stack(0x000000001ab10000,0x000000001ac10000)]
  0x00000000198b3000 JavaThread "Reference Handler" daemon [_thread_blocked, id=472, stack(0x000000001aa10000,0x000000001ab10000)]
  0x0000000002fe7800 JavaThread "main" [_thread_in_vm, id=7960, stack(0x0000000002de0000,0x0000000002ee0000)]

Other Threads:
  0x0000000019891800 VMThread [stack: 0x000000001a910000,0x000000001aa10000] [id=7224]
  0x0000000019a98800 WatcherThread [stack: 0x000000001b720000,0x000000001b820000] [id=4640]

VM state:not at safepoint (normal execution)

VM Mutex/Monitor currently owned by a thread: None

heap address: 0x0000000082600000, size: 2010 MB, Compressed Oops mode: 32-bit
Narrow klass base: 0x0000000000000000, Narrow klass shift: 3
Compressed class space size: 1073741824 Address: 0x0000000100000000

Heap:
 PSYoungGen      total 37888K, used 4596K [0x00000000d6200000, 0x00000000d8c00000, 0x0000000100000000)
  eden space 32768K, 14% used [0x00000000d6200000,0x00000000d667d2a0,0x00000000d8200000)
  from space 5120K, 0% used [0x00000000d8700000,0x00000000d8700000,0x00000000d8c00000)
  to   space 5120K, 0% used [0x00000000d8200000,0x00000000d8200000,0x00000000d8700000)
 ParOldGen       total 86016K, used 0K [0x0000000082600000, 0x0000000087a00000, 0x00000000d6200000)
  object space 86016K, 0% used [0x0000000082600000,0x0000000082600000,0x0000000087a00000)
 Metaspace       used 2914K, capacity 4624K, committed 4864K, reserved 1056768K
  class space    used 299K, capacity 392K, committed 512K, reserved 1048576K

Card table byte_map: [0x00000000124a0000,0x0000000012890000] byte_map_base: 0x000000001208d000

Marking Bits: (ParMarkBitMap*) 0x000000005a4f9f30
 Begin Bits: [0x0000000013530000, 0x0000000015498000)
 End Bits:   [0x0000000015498000, 0x0000000017400000)

Polling page: 0x0000000000be0000

CodeCache: size=245760Kb used=1081Kb max_used=1082Kb free=244678Kb
 bounds [0x00000000030e0000, 0x0000000003350000, 0x00000000120e0000]
 total_blobs=244 nmethods=10 adapters=157
 compilation: enabled

Compilation events (9 events):
Event: 2.132 Thread 0x0000000019a3c800    1 %     3       org.groovy.debug.hotswap.ResetAgent::containsSubArray @ 8 (41 bytes)
Event: 2.133 Thread 0x0000000019a3c800 nmethod 1% 0x00000000031e3dd0 code [0x00000000031e3f60, 0x00000000031e4410]
Event: 2.133 Thread 0x0000000019a3c800    2       3       org.groovy.debug.hotswap.ResetAgent::containsSubArray (41 bytes)
Event: 2.133 Thread 0x0000000019a3c800 nmethod 2 0x00000000031e34d0 code [0x00000000031e3660, 0x00000000031e3a90]
Event: 2.134 Thread 0x0000000019a3c800    3       1       sun.instrument.TransformerManager::getSnapshotTransformerList (5 bytes)
Event: 2.134 Thread 0x0000000019a3c800 nmethod 3 0x00000000031e3210 code [0x00000000031e3360, 0x00000000031e3470]
Event: 2.137 Thread 0x0000000019a38000    4 %     4       java.lang.String::indexOf @ 37 (70 bytes)
Event: 2.137 Thread 0x0000000019a3b800    5       4       java.lang.String::hashCode (55 bytes)
Event: 2.138 Thread 0x0000000019a39000    6 %     4       org.groovy.debug.hotswap.ResetAgent::containsSubArray @ 8 (41 bytes)

GC Heap History (0 events):
No events

Deoptimization events (0 events):
No events

Classes redefined (0 events):
No events

Internal exceptions (6 events):
Event: 0.041 Thread 0x0000000002fe7800 Exception <a 'java/lang/NoSuchMethodError': Method sun.misc.Unsafe.defineClass(Ljava/lang/String;[BII)Ljava/lang/Class; name or signature does not match> (0x00000000d6207cb0) thrown at [D:\src\AOSP-openjdk-cygwin\jdk8u\hotspot\src\share\vm\prims\jni.cpp, 
Event: 0.041 Thread 0x0000000002fe7800 Exception <a 'java/lang/NoSuchMethodError': Method sun.misc.Unsafe.prefetchRead(Ljava/lang/Object;J)V name or signature does not match> (0x00000000d6207f98) thrown at [D:\src\AOSP-openjdk-cygwin\jdk8u\hotspot\src\share\vm\prims\jni.cpp, line 4012]
Event: 2.058 Thread 0x0000000002fe7800 Exception <a 'java/security/PrivilegedActionException'> (0x00000000d63b2588) thrown at [D:\src\AOSP-openjdk-cygwin\jdk8u\hotspot\src\share\vm\prims\jvm.cpp, line 1502]
Event: 2.058 Thread 0x0000000002fe7800 Exception <a 'java/security/PrivilegedActionException'> (0x00000000d63b2798) thrown at [D:\src\AOSP-openjdk-cygwin\jdk8u\hotspot\src\share\vm\prims\jvm.cpp, line 1502]
Event: 2.058 Thread 0x0000000002fe7800 Exception <a 'java/security/PrivilegedActionException'> (0x00000000d63b36a0) thrown at [D:\src\AOSP-openjdk-cygwin\jdk8u\hotspot\src\share\vm\prims\jvm.cpp, line 1502]
Event: 2.058 Thread 0x0000000002fe7800 Exception <a 'java/security/PrivilegedActionException'> (0x00000000d63b38b0) thrown at [D:\src\AOSP-openjdk-cygwin\jdk8u\hotspot\src\share\vm\prims\jvm.cpp, line 1502]

Events (10 events):
Event: 2.136 loading class java/lang/invoke/MemberName$Factory done
Event: 2.136 loading class java/lang/invoke/MethodHandleStatics
Event: 2.136 loading class java/lang/invoke/MethodHandleStatics done
Event: 2.136 loading class java/lang/invoke/MethodHandleStatics$1
Event: 2.136 loading class java/lang/invoke/MethodHandleStatics$1 done
Event: 2.137 Thread 0x0000000019a96800 Thread added: 0x0000000019a96800
Event: 2.137 loading class sun/misc/PostVMInitHook
Event: 2.137 loading class sun/misc/PostVMInitHook done
Event: 2.138 loading class sun/launcher/LauncherHelper
Event: 2.138 loading class sun/launcher/LauncherHelper done


Dynamic libraries:
0x00007ff7d2f10000 - 0x00007ff7d2f41000 	C:\Program Files\Android\Android Studio\jre\bin\java.exe
0x00007ffc2c220000 - 0x00007ffc2c410000 	C:\WINDOWS\SYSTEM32\ntdll.dll
0x00007ffc2b2f0000 - 0x00007ffc2b3a2000 	C:\WINDOWS\System32\KERNEL32.DLL
0x00007ffc29760000 - 0x00007ffc29a03000 	C:\WINDOWS\System32\KERNELBASE.dll
0x00007ffc2b450000 - 0x00007ffc2b4f3000 	C:\WINDOWS\System32\ADVAPI32.dll
0x00007ffc2b3b0000 - 0x00007ffc2b44e000 	C:\WINDOWS\System32\msvcrt.dll
0x00007ffc2b080000 - 0x00007ffc2b117000 	C:\WINDOWS\System32\sechost.dll
0x00007ffc2ae50000 - 0x00007ffc2af70000 	C:\WINDOWS\System32\RPCRT4.dll
0x00007ffc2ab00000 - 0x00007ffc2ac94000 	C:\WINDOWS\System32\USER32.dll
0x00007ffc29730000 - 0x00007ffc29751000 	C:\WINDOWS\System32\win32u.dll
0x00007ffc2bc60000 - 0x00007ffc2bc86000 	C:\WINDOWS\System32\GDI32.dll
0x00007ffc29490000 - 0x00007ffc29624000 	C:\WINDOWS\System32\gdi32full.dll
0x00007ffc2a1b0000 - 0x00007ffc2a24e000 	C:\WINDOWS\System32\msvcp_win.dll
0x00007ffc29390000 - 0x00007ffc2948a000 	C:\WINDOWS\System32\ucrtbase.dll
0x00007ffc188d0000 - 0x00007ffc18b55000 	C:\WINDOWS\WinSxS\amd64_microsoft.windows.common-controls_6595b64144ccf1df_6.0.18362.720_none_e6beb5c51314836b\COMCTL32.dll
0x00007ffc2a740000 - 0x00007ffc2aa76000 	C:\WINDOWS\System32\combase.dll
0x00007ffc2a250000 - 0x00007ffc2a2d0000 	C:\WINDOWS\System32\bcryptPrimitives.dll
0x00007ffc2be00000 - 0x00007ffc2be2e000 	C:\WINDOWS\System32\IMM32.DLL
0x000000005a660000 - 0x000000005a732000 	C:\Program Files\Android\Android Studio\jre\jre\bin\msvcr100.dll
0x0000000059d30000 - 0x000000005a576000 	C:\Program Files\Android\Android Studio\jre\jre\bin\server\jvm.dll
0x00007ffc2bc90000 - 0x00007ffc2bc98000 	C:\WINDOWS\System32\PSAPI.DLL
0x00007ffc272d0000 - 0x00007ffc272d9000 	C:\WINDOWS\SYSTEM32\WSOCK32.dll
0x00007ffc27260000 - 0x00007ffc27284000 	C:\WINDOWS\SYSTEM32\WINMM.dll
0x00007ffc22f40000 - 0x00007ffc22f4a000 	C:\WINDOWS\SYSTEM32\VERSION.dll
0x00007ffc2be30000 - 0x00007ffc2be9f000 	C:\WINDOWS\System32\WS2_32.dll
0x00007ffc27100000 - 0x00007ffc2712d000 	C:\WINDOWS\SYSTEM32\WINMMBASE.dll
0x00007ffc29630000 - 0x00007ffc2967a000 	C:\WINDOWS\System32\cfgmgr32.dll
0x00007ffc25170000 - 0x00007ffc2517f000 	C:\Program Files\Android\Android Studio\jre\jre\bin\verify.dll
0x00007ffc25140000 - 0x00007ffc25169000 	C:\Program Files\Android\Android Studio\jre\jre\bin\java.dll
0x00007ffc22c70000 - 0x00007ffc22ca5000 	C:\Program Files\Android\Android Studio\jre\jre\bin\jdwp.dll
0x00007ffc234c0000 - 0x00007ffc234c8000 	C:\Program Files\Android\Android Studio\jre\jre\bin\npt.dll
0x00007ffc22c40000 - 0x00007ffc22c63000 	C:\Program Files\Android\Android Studio\jre\jre\bin\instrument.dll
0x00007ffc23920000 - 0x00007ffc23936000 	C:\Program Files\Android\Android Studio\jre\jre\bin\zip.dll
0x00007ffc2b570000 - 0x00007ffc2bc55000 	C:\WINDOWS\System32\SHELL32.dll
0x00007ffc2af70000 - 0x00007ffc2b019000 	C:\WINDOWS\System32\shcore.dll
0x00007ffc29a30000 - 0x00007ffc2a1b0000 	C:\WINDOWS\System32\windows.storage.dll
0x00007ffc29180000 - 0x00007ffc291a3000 	C:\WINDOWS\System32\profapi.dll
0x00007ffc29130000 - 0x00007ffc2917a000 	C:\WINDOWS\System32\powrprof.dll
0x00007ffc290e0000 - 0x00007ffc290f0000 	C:\WINDOWS\System32\UMPDC.dll
0x00007ffc2bea0000 - 0x00007ffc2bef2000 	C:\WINDOWS\System32\shlwapi.dll
0x00007ffc29110000 - 0x00007ffc29121000 	C:\WINDOWS\System32\kernel.appcore.dll
0x00007ffc29a10000 - 0x00007ffc29a27000 	C:\WINDOWS\System32\cryptsp.dll
0x00007ffc23430000 - 0x00007ffc23439000 	C:\Program Files\Android\Android Studio\jre\jre\bin\dt_socket.dll
0x00007ffc28950000 - 0x00007ffc289b7000 	C:\WINDOWS\system32\mswsock.dll

VM Arguments:
jvm_args: -agentlib:jdwp=transport=dt_socket,address=127.0.0.1:56174,suspend=y,server=n -ea -Didea.test.cyclic.buffer.size=1048576 -javaagent:C:\Users\Acer\.AndroidStudio3.6\system\groovyHotSwap\gragent.jar -javaagent:C:\Users\Acer\.AndroidStudio3.6\system\captureAgent\debugger-agent.jar -Dfile.encoding=UTF-8 
java_command: com.intellij.rt.execution.junit.JUnitStarter -ideVersion5 -junit4 com.example.hw4l4.ExampleUnitTest,example
java_class_path (initial): C:\Program Files\Android\Android Studio\lib\idea_rt.jar;C:\Program Files\Android\Android Studio\plugins\junit\lib\junit-rt.jar;C:\Program Files\Android\Android Studio\plugins\junit\lib\junit5-rt.jar;C:\Users\Acer\AppData\Local\Android\Sdk\platforms\android-29\data\res;C:\android\HW4L4\app\build\intermediates\javac\debug\classes;C:\android\HW4L4\app\build\intermediates\compile_and_runtime_not_namespaced_r_class_jar\debug\R.jar;C:\android\HW4L4\app\build\tmp\kotlin-classes\debugUnitTest;C:\android\HW4L4\app\build\intermediates\compile_and_runtime_not_namespaced_r_class_jar\debugAndroidTest\R.jar;C:\android\HW4L4\app\build\tmp\kotlin-classes\debugAndroidTest;C:\android\HW4L4\app\build\tmp\kotlin-classes\debug;C:\Users\Acer\.gradle\caches\modules-2\files-2.1\junit\junit\4.12\2973d150c0dc1fefe998f834810d68f278ea58ec\junit-4.12.jar;C:\Users\Acer\.gradle\caches\modules-2\files-2.1\org.hamcrest\hamcrest-core\1.3\42a25dc3219429f0e5d060061f71acb49bf010a0\hamcrest-core-1.3.jar;C:\Users\Acer\.gradle\caches\modules-2\files-2.1\org.jetbrains.kotlin\kotlin-android-extensions-runtime\1.3.71\4e50c67bac9e76cbdf5ab9255eeb74f7bf1c34f1\kotlin-android-extensions-runtime-1.3.71.jar;C:\Users\Acer\.gradle\caches\modules-2\files-2.1\org.jetbrains.kotlin\kotlin-stdlib-jdk7\1.3.71\9180d3aec3f0b2ea6ef0dcf01b464a6e2219e381\kotlin-stdlib-jdk7-1.3.71.jar;C:\Users\Acer\.gradle\caches\modules-2\files-2.1\org.jetbrains.kotlin\kotlin-stdlib\1.3.71\898273189ad22779da6bed88ded39b14cb5fd432\kotlin-stdlib-1.3.71.jar;C:\Users\Acer\.gradle\caches\modules-2\files-2.1\org.jetbrains.kotlin\kotlin-stdlib-common\1.3.71\e71c3fef58e26affeb03d675e91fd8abdd44aa7b\kotlin-stdlib-common-1.3.71.jar;C:\Users\Acer\.gradle\caches\modules-2\files-2.1\org.jetbrains\annotations\13.0\919f0dfe192fb4e063e7dacadee7f8bb9a2672a9\annotations-13.0.jar;C:\Users\Acer\.gradle\caches\modules-2\files-2.1\androidx.collection\collection\1.1.0\1f27220b47669781457de0d600849a5de0e89909\collection-1.1.0.jar;C:\Users
Launcher Type: SUN_STANDARD

Environment Variables:
USERNAME=Acer
OS=Windows_NT
PROCESSOR_IDENTIFIER=Intel64 Family 6 Model 158 Stepping 10, GenuineIntel



---------------  S Y S T E M  ---------------

OS: Windows 10.0 , 64 bit Build 18362 (10.0.18362.329)

CPU:total 12 (initial active 12) (6 cores per cpu, 2 threads per core) family 6 model 158 stepping 10, cmov, cx8, fxsr, mmx, sse, sse2, sse3, ssse3, sse4.1, sse4.2, popcnt, avx, avx2, aes, clmul, erms, 3dnowpref, lzcnt, ht, tsc, tscinvbit, bmi1, bmi2, adx

Memory: 4k page, physical 8227124k(1581784k free), swap 10291508k(200k free)

vm_info: OpenJDK 64-Bit Server VM (25.212-b04) for windows-amd64 JRE (1.8.0_212-release-1586-b04), built by "builder" with MS VC++ 10.0 (VS2010)

time: Fri Apr 03 15:28:52 2020
timezone: RTZ 4 (зима)
elapsed time: 2 seconds (0d 0h 0m 2s)

